<?xml version="1.0" encoding="UTF-8"?>
<testng-results skipped="0" failed="0" total="1" passed="1">
  <reporter-output>
  </reporter-output>
  <suite name="Default suite" duration-ms="13480" started-at="2018-03-20T02:43:23Z" finished-at="2018-03-20T02:43:37Z">
    <groups>
      <group name="cucumber">
        <method signature="AbstractTestNGCucumberTests.feature(cucumber.api.testng.CucumberFeatureWrapper)[pri:0, instance:Test.EmailTestNG@31610302]" name="feature" class="cucumber.api.testng.AbstractTestNGCucumberTests"/>
      </group> <!-- cucumber -->
    </groups>
    <test name="Default test" duration-ms="13480" started-at="2018-03-20T02:43:23Z" finished-at="2018-03-20T02:43:37Z">
      <class name="Test.EmailTestNG">
        <test-method status="PASS" signature="setUpClass()[pri:0, instance:Test.EmailTestNG@31610302]" test-instance-name="" name="setUpClass" is-config="true" duration-ms="347" started-at="2018-03-19T23:43:23Z" finished-at="2018-03-19T23:43:24Z">
          <reporter-output>
          </reporter-output>
        </test-method> <!-- setUpClass -->
        <test-method name="feature" test-instance-name="" signature="feature(cucumber.api.testng.CucumberFeatureWrapper)[pri:0, instance:Test.EmailTestNG@31610302]" status="PASS" duration-ms="12970" finished-at="2018-03-19T23:43:37Z" started-at="2018-03-19T23:43:24Z" data-provider="features" description="Runs Cucumber Feature">
          <params>
            <param index="0">
              <value>
                <![CDATA[Acessar e Logar no e-mail CWI]]>
              </value>
            </param>
          </params>
          <reporter-output>
          </reporter-output>
        </test-method> <!-- feature -->
        <test-method status="PASS" signature="tearDownClass()[pri:0, instance:Test.EmailTestNG@31610302]" test-instance-name="" name="tearDownClass" is-config="true" duration-ms="18" started-at="2018-03-19T23:43:37Z" finished-at="2018-03-19T23:43:37Z">
          <reporter-output>
          </reporter-output>
        </test-method> <!-- tearDownClass -->
      </class> <!-- Test.EmailTestNG -->
    </test> <!-- Default test -->
  </suite> <!-- Default suite -->
</testng-results>
